{"C:\\Users\\sipho\\FundingRequest\\form.js": {"path":"C:\\Users\\sipho\\FundingRequest\\form.js","statementMap":{"0":{"start":{"line":2,"column":15},"end":{"line":21,"column":5}},"1":{"start":{"line":23,"column":4},"end":{"line":23,"column":25}},"2":{"start":{"line":25,"column":4},"end":{"line":25,"column":45}},"3":{"start":{"line":29,"column":22},"end":{"line":29,"column":42}},"4":{"start":{"line":30,"column":22},"end":{"line":33,"column":5}},"5":{"start":{"line":35,"column":19},"end":{"line":40,"column":6}},"6":{"start":{"line":42,"column":17},"end":{"line":42,"column":38}},"7":{"start":{"line":43,"column":4},"end":{"line":43,"column":24}},"8":{"start":{"line":46,"column":0},"end":{"line":49,"column":1}}},"fnMap":{"0":{"name":"PostForm","decl":{"start":{"line":1,"column":15},"end":{"line":1,"column":23}},"loc":{"start":{"line":1,"column":26},"end":{"line":26,"column":1}},"line":1},"1":{"name":"postData","decl":{"start":{"line":28,"column":15},"end":{"line":28,"column":23}},"loc":{"start":{"line":28,"column":30},"end":{"line":44,"column":1}},"line":28}},"branchMap":{},"s":{"0":2,"1":2,"2":0,"3":2,"4":2,"5":2,"6":0,"7":0,"8":1},"f":{"0":2,"1":2},"b":{},"_coverageSchema":"1a1c01bbd47fc00a2c39e90264f33305004495a9","hash":"45e4edb7bb5356ae6f9a157ccb783641dfb26a2a"}
,"C:\\Users\\sipho\\FundingRequest\\fundManagers.js": {"path":"C:\\Users\\sipho\\FundingRequest\\fundManagers.js","statementMap":{"0":{"start":{"line":1,"column":15},"end":{"line":1,"column":49}},"1":{"start":{"line":2,"column":12},"end":{"line":2,"column":43}},"2":{"start":{"line":4,"column":0},"end":{"line":27,"column":4}},"3":{"start":{"line":7,"column":4},"end":{"line":7,"column":63}},"4":{"start":{"line":9,"column":4},"end":{"line":26,"column":7}},"5":{"start":{"line":11,"column":8},"end":{"line":11,"column":26}},"6":{"start":{"line":14,"column":20},"end":{"line":14,"column":53}},"7":{"start":{"line":15,"column":21},"end":{"line":15,"column":48}},"8":{"start":{"line":17,"column":8},"end":{"line":20,"column":9}},"9":{"start":{"line":18,"column":12},"end":{"line":18,"column":61}},"10":{"start":{"line":19,"column":12},"end":{"line":19,"column":38}},"11":{"start":{"line":21,"column":8},"end":{"line":24,"column":9}},"12":{"start":{"line":22,"column":12},"end":{"line":22,"column":61}},"13":{"start":{"line":23,"column":12},"end":{"line":23,"column":38}},"14":{"start":{"line":30,"column":15},"end":{"line":36,"column":5}},"15":{"start":{"line":38,"column":4},"end":{"line":38,"column":15}},"16":{"start":{"line":42,"column":22},"end":{"line":42,"column":42}},"17":{"start":{"line":43,"column":22},"end":{"line":46,"column":8}},"18":{"start":{"line":47,"column":19},"end":{"line":52,"column":6}},"19":{"start":{"line":53,"column":17},"end":{"line":53,"column":38}},"20":{"start":{"line":54,"column":4},"end":{"line":54,"column":24}}},"fnMap":{"0":{"name":"(anonymous_0)","decl":{"start":{"line":4,"column":46},"end":{"line":4,"column":47}},"loc":{"start":{"line":4,"column":57},"end":{"line":27,"column":2}},"line":4},"1":{"name":"(anonymous_1)","decl":{"start":{"line":10,"column":10},"end":{"line":10,"column":11}},"loc":{"start":{"line":10,"column":17},"end":{"line":12,"column":5}},"line":10},"2":{"name":"(anonymous_2)","decl":{"start":{"line":12,"column":13},"end":{"line":12,"column":14}},"loc":{"start":{"line":12,"column":20},"end":{"line":26,"column":5}},"line":12},"3":{"name":"PostFunding","decl":{"start":{"line":29,"column":10},"end":{"line":29,"column":21}},"loc":{"start":{"line":29,"column":23},"end":{"line":39,"column":2}},"line":29},"4":{"name":"post","decl":{"start":{"line":41,"column":16},"end":{"line":41,"column":20}},"loc":{"start":{"line":41,"column":27},"end":{"line":56,"column":1}},"line":41}},"branchMap":{"0":{"loc":{"start":{"line":17,"column":8},"end":{"line":20,"column":9}},"type":"if","locations":[{"start":{"line":17,"column":8},"end":{"line":20,"column":9}},{"start":{},"end":{}}],"line":17},"1":{"loc":{"start":{"line":21,"column":8},"end":{"line":24,"column":9}},"type":"if","locations":[{"start":{"line":21,"column":8},"end":{"line":24,"column":9}},{"start":{},"end":{}}],"line":21}},"s":{"0":1,"1":1,"2":1,"3":0,"4":0,"5":0,"6":0,"7":0,"8":0,"9":0,"10":0,"11":0,"12":0,"13":0,"14":0,"15":0,"16":0,"17":0,"18":0,"19":0,"20":0},"f":{"0":0,"1":0,"2":0,"3":0,"4":0},"b":{"0":[0,0],"1":[0,0]},"_coverageSchema":"1a1c01bbd47fc00a2c39e90264f33305004495a9","hash":"1c3103b16ad744de1293edf865be33a429b75b3e"}
,"C:\\Users\\sipho\\FundingRequest\\fundingOpp.js": {"path":"C:\\Users\\sipho\\FundingRequest\\fundingOpp.js","statementMap":{"0":{"start":{"line":2,"column":4},"end":{"line":63,"column":5}},"1":{"start":{"line":4,"column":21},"end":{"line":4,"column":52}},"2":{"start":{"line":5,"column":9},"end":{"line":5,"column":27}},"3":{"start":{"line":8,"column":9},"end":{"line":10,"column":10}},"4":{"start":{"line":9,"column":13},"end":{"line":9,"column":66}},"5":{"start":{"line":12,"column":25},"end":{"line":12,"column":103}},"6":{"start":{"line":14,"column":8},"end":{"line":16,"column":9}},"7":{"start":{"line":15,"column":12},"end":{"line":15,"column":56}},"8":{"start":{"line":18,"column":21},"end":{"line":18,"column":42}},"9":{"start":{"line":20,"column":8},"end":{"line":60,"column":11}},"10":{"start":{"line":21,"column":32},"end":{"line":21,"column":62}},"11":{"start":{"line":22,"column":32},"end":{"line":22,"column":62}},"12":{"start":{"line":23,"column":39},"end":{"line":23,"column":76}},"13":{"start":{"line":24,"column":33},"end":{"line":24,"column":64}},"14":{"start":{"line":25,"column":29},"end":{"line":25,"column":56}},"15":{"start":{"line":27,"column":35},"end":{"line":27,"column":64}},"16":{"start":{"line":28,"column":12},"end":{"line":28,"column":62}},"17":{"start":{"line":30,"column":32},"end":{"line":30,"column":60}},"18":{"start":{"line":31,"column":12},"end":{"line":31,"column":55}},"19":{"start":{"line":32,"column":34},"end":{"line":32,"column":61}},"20":{"start":{"line":33,"column":12},"end":{"line":33,"column":71}},"21":{"start":{"line":34,"column":41},"end":{"line":34,"column":68}},"22":{"start":{"line":35,"column":12},"end":{"line":35,"column":84}},"23":{"start":{"line":36,"column":42},"end":{"line":36,"column":69}},"24":{"start":{"line":37,"column":12},"end":{"line":37,"column":80}},"25":{"start":{"line":38,"column":38},"end":{"line":38,"column":65}},"26":{"start":{"line":39,"column":12},"end":{"line":39,"column":68}},"27":{"start":{"line":41,"column":34},"end":{"line":41,"column":66}},"28":{"start":{"line":42,"column":12},"end":{"line":42,"column":54}},"29":{"start":{"line":43,"column":12},"end":{"line":43,"column":51}},"30":{"start":{"line":45,"column":12},"end":{"line":49,"column":15}},"31":{"start":{"line":46,"column":16},"end":{"line":46,"column":67}},"32":{"start":{"line":48,"column":16},"end":{"line":48,"column":57}},"33":{"start":{"line":51,"column":12},"end":{"line":51,"column":52}},"34":{"start":{"line":52,"column":12},"end":{"line":52,"column":54}},"35":{"start":{"line":53,"column":12},"end":{"line":53,"column":61}},"36":{"start":{"line":54,"column":12},"end":{"line":54,"column":62}},"37":{"start":{"line":55,"column":12},"end":{"line":55,"column":58}},"38":{"start":{"line":56,"column":12},"end":{"line":56,"column":54}},"39":{"start":{"line":58,"column":46},"end":{"line":58,"column":88}},"40":{"start":{"line":59,"column":12},"end":{"line":59,"column":68}},"41":{"start":{"line":62,"column":8},"end":{"line":62,"column":29}},"42":{"start":{"line":65,"column":0},"end":{"line":65,"column":57}},"43":{"start":{"line":68,"column":0},"end":{"line":70,"column":1}}},"fnMap":{"0":{"name":"fetchData","decl":{"start":{"line":1,"column":15},"end":{"line":1,"column":24}},"loc":{"start":{"line":1,"column":27},"end":{"line":64,"column":1}},"line":1},"1":{"name":"(anonymous_1)","decl":{"start":{"line":20,"column":21},"end":{"line":20,"column":22}},"loc":{"start":{"line":20,"column":43},"end":{"line":60,"column":9}},"line":20},"2":{"name":"(anonymous_2)","decl":{"start":{"line":45,"column":52},"end":{"line":45,"column":53}},"loc":{"start":{"line":45,"column":62},"end":{"line":49,"column":13}},"line":45}},"branchMap":{"0":{"loc":{"start":{"line":8,"column":9},"end":{"line":10,"column":10}},"type":"if","locations":[{"start":{"line":8,"column":9},"end":{"line":10,"column":10}},{"start":{},"end":{}}],"line":8},"1":{"loc":{"start":{"line":14,"column":8},"end":{"line":16,"column":9}},"type":"if","locations":[{"start":{"line":14,"column":8},"end":{"line":16,"column":9}},{"start":{},"end":{}}],"line":14}},"s":{"0":4,"1":4,"2":4,"3":4,"4":1,"5":3,"6":2,"7":1,"8":1,"9":1,"10":2,"11":2,"12":2,"13":2,"14":2,"15":2,"16":2,"17":2,"18":2,"19":2,"20":2,"21":2,"22":2,"23":2,"24":2,"25":2,"26":2,"27":2,"28":2,"29":2,"30":2,"31":0,"32":0,"33":2,"34":2,"35":2,"36":2,"37":2,"38":2,"39":2,"40":2,"41":3,"42":1,"43":1},"f":{"0":4,"1":2,"2":0},"b":{"0":[1,3],"1":[1,1]},"_coverageSchema":"1a1c01bbd47fc00a2c39e90264f33305004495a9","hash":"7a562ef0a81ea579f8109035ad6a7949c398a653"}
,"C:\\Users\\sipho\\FundingRequest\\script.js": {"path":"C:\\Users\\sipho\\FundingRequest\\script.js","statementMap":{"0":{"start":{"line":1,"column":24},"end":{"line":1,"column":68}},"1":{"start":{"line":2,"column":26},"end":{"line":2,"column":72}},"2":{"start":{"line":3,"column":20},"end":{"line":3,"column":64}},"3":{"start":{"line":4,"column":15},"end":{"line":4,"column":27}},"4":{"start":{"line":8,"column":4},"end":{"line":8,"column":64}},"5":{"start":{"line":9,"column":4},"end":{"line":9,"column":65}},"6":{"start":{"line":12,"column":4},"end":{"line":12,"column":65}},"7":{"start":{"line":13,"column":4},"end":{"line":13,"column":64}},"8":{"start":{"line":16,"column":19},"end":{"line":16,"column":32}},"9":{"start":{"line":17,"column":19},"end":{"line":17,"column":32}},"10":{"start":{"line":18,"column":16},"end":{"line":18,"column":26}},"11":{"start":{"line":20,"column":4},"end":{"line":20,"column":71}},"12":{"start":{"line":21,"column":4},"end":{"line":21,"column":43}},"13":{"start":{"line":25,"column":4},"end":{"line":25,"column":76}},"14":{"start":{"line":25,"column":35},"end":{"line":25,"column":76}},"15":{"start":{"line":27,"column":4},"end":{"line":27,"column":75}},"16":{"start":{"line":27,"column":32},"end":{"line":27,"column":75}},"17":{"start":{"line":29,"column":4},"end":{"line":29,"column":67}},"18":{"start":{"line":29,"column":31},"end":{"line":29,"column":67}},"19":{"start":{"line":34,"column":28},"end":{"line":34,"column":66}},"20":{"start":{"line":37,"column":15},"end":{"line":41,"column":5}},"21":{"start":{"line":43,"column":4},"end":{"line":43,"column":20}},"22":{"start":{"line":44,"column":4},"end":{"line":44,"column":48}},"23":{"start":{"line":45,"column":4},"end":{"line":45,"column":46}},"24":{"start":{"line":50,"column":4},"end":{"line":50,"column":28}},"25":{"start":{"line":53,"column":4},"end":{"line":53,"column":25}},"26":{"start":{"line":57,"column":26},"end":{"line":57,"column":46}},"27":{"start":{"line":58,"column":26},"end":{"line":61,"column":12}},"28":{"start":{"line":62,"column":23},"end":{"line":67,"column":10}},"29":{"start":{"line":68,"column":21},"end":{"line":68,"column":42}},"30":{"start":{"line":69,"column":8},"end":{"line":69,"column":28}},"31":{"start":{"line":70,"column":8},"end":{"line":75,"column":35}},"32":{"start":{"line":70,"column":61},"end":{"line":70,"column":76}},"33":{"start":{"line":71,"column":13},"end":{"line":75,"column":35}},"34":{"start":{"line":72,"column":12},"end":{"line":72,"column":46}},"35":{"start":{"line":73,"column":12},"end":{"line":73,"column":32}},"36":{"start":{"line":75,"column":14},"end":{"line":75,"column":34}},"37":{"start":{"line":81,"column":14},"end":{"line":81,"column":33}},"38":{"start":{"line":82,"column":16},"end":{"line":82,"column":42}},"39":{"start":{"line":83,"column":0},"end":{"line":83,"column":15}},"40":{"start":{"line":89,"column":4},"end":{"line":89,"column":68}},"41":{"start":{"line":90,"column":4},"end":{"line":90,"column":75}},"42":{"start":{"line":93,"column":0},"end":{"line":102,"column":1}}},"fnMap":{"0":{"name":"signinPage","decl":{"start":{"line":7,"column":9},"end":{"line":7,"column":19}},"loc":{"start":{"line":7,"column":21},"end":{"line":10,"column":1}},"line":7},"1":{"name":"loginPage","decl":{"start":{"line":11,"column":9},"end":{"line":11,"column":18}},"loc":{"start":{"line":11,"column":20},"end":{"line":14,"column":1}},"line":11},"2":{"name":"homepage","decl":{"start":{"line":15,"column":9},"end":{"line":15,"column":17}},"loc":{"start":{"line":15,"column":24},"end":{"line":30,"column":1}},"line":15},"3":{"name":"handleCredentialResponse","decl":{"start":{"line":31,"column":9},"end":{"line":31,"column":33}},"loc":{"start":{"line":31,"column":44},"end":{"line":46,"column":1}},"line":31},"4":{"name":"setApplicant","decl":{"start":{"line":49,"column":9},"end":{"line":49,"column":21}},"loc":{"start":{"line":49,"column":23},"end":{"line":51,"column":1}},"line":49},"5":{"name":"setFunder","decl":{"start":{"line":52,"column":9},"end":{"line":52,"column":18}},"loc":{"start":{"line":52,"column":20},"end":{"line":54,"column":1}},"line":52},"6":{"name":"register","decl":{"start":{"line":56,"column":15},"end":{"line":56,"column":23}},"loc":{"start":{"line":56,"column":30},"end":{"line":76,"column":5}},"line":56},"7":{"name":"decodeJwtResponse","decl":{"start":{"line":79,"column":9},"end":{"line":79,"column":26}},"loc":{"start":{"line":79,"column":37},"end":{"line":84,"column":1}},"line":79},"8":{"name":"advertAreaShow","decl":{"start":{"line":87,"column":9},"end":{"line":87,"column":23}},"loc":{"start":{"line":88,"column":0},"end":{"line":91,"column":1}},"line":88}},"branchMap":{"0":{"loc":{"start":{"line":25,"column":4},"end":{"line":25,"column":76}},"type":"if","locations":[{"start":{"line":25,"column":4},"end":{"line":25,"column":76}},{"start":{},"end":{}}],"line":25},"1":{"loc":{"start":{"line":27,"column":4},"end":{"line":27,"column":75}},"type":"if","locations":[{"start":{"line":27,"column":4},"end":{"line":27,"column":75}},{"start":{},"end":{}}],"line":27},"2":{"loc":{"start":{"line":29,"column":4},"end":{"line":29,"column":67}},"type":"if","locations":[{"start":{"line":29,"column":4},"end":{"line":29,"column":67}},{"start":{},"end":{}}],"line":29},"3":{"loc":{"start":{"line":70,"column":8},"end":{"line":75,"column":35}},"type":"if","locations":[{"start":{"line":70,"column":8},"end":{"line":75,"column":35}},{"start":{"line":71,"column":13},"end":{"line":75,"column":35}}],"line":70},"4":{"loc":{"start":{"line":71,"column":13},"end":{"line":75,"column":35}},"type":"if","locations":[{"start":{"line":71,"column":13},"end":{"line":75,"column":35}},{"start":{"line":75,"column":13},"end":{"line":75,"column":35}}],"line":71}},"s":{"0":2,"1":2,"2":2,"3":2,"4":0,"5":0,"6":0,"7":0,"8":6,"9":6,"10":6,"11":6,"12":6,"13":6,"14":3,"15":6,"16":1,"17":6,"18":1,"19":0,"20":0,"21":0,"22":0,"23":0,"24":0,"25":0,"26":3,"27":3,"28":3,"29":3,"30":3,"31":3,"32":1,"33":2,"34":1,"35":1,"36":1,"37":0,"38":0,"39":0,"40":0,"41":0,"42":2},"f":{"0":0,"1":0,"2":6,"3":0,"4":0,"5":0,"6":3,"7":0,"8":0},"b":{"0":[3,3],"1":[1,5],"2":[1,5],"3":[1,2],"4":[1,1]},"_coverageSchema":"1a1c01bbd47fc00a2c39e90264f33305004495a9","hash":"0a184c7fc5c3ea76eebbea3c2a45b61558c0d6b0"}
}
