TN:
SF:form.js
FN:1,PostForm
FN:28,postData
FNF:2
FNH:2
FNDA:2,PostForm
FNDA:2,postData
DA:2,2
DA:23,2
DA:25,0
DA:29,2
DA:30,2
DA:35,2
DA:42,0
DA:43,0
DA:46,1
LF:9
LH:6
BRF:0
BRH:0
end_of_record
TN:
SF:fundManagers.js
FN:4,(anonymous_0)
FN:10,(anonymous_1)
FN:12,(anonymous_2)
FN:29,PostFunding
FN:41,post
FNF:5
FNH:0
FNDA:0,(anonymous_0)
FNDA:0,(anonymous_1)
FNDA:0,(anonymous_2)
FNDA:0,PostFunding
FNDA:0,post
DA:1,1
DA:2,1
DA:4,1
DA:7,0
DA:9,0
DA:11,0
DA:14,0
DA:15,0
DA:17,0
DA:18,0
DA:19,0
DA:21,0
DA:22,0
DA:23,0
DA:30,0
DA:38,0
DA:42,0
DA:43,0
DA:47,0
DA:53,0
DA:54,0
LF:21
LH:3
BRDA:17,0,0,0
BRDA:17,0,1,0
BRDA:21,1,0,0
BRDA:21,1,1,0
BRF:4
BRH:0
end_of_record
TN:
SF:fundingOpp.js
FN:1,fetchData
FN:20,(anonymous_1)
FN:45,(anonymous_2)
FNF:3
FNH:2
FNDA:4,fetchData
FNDA:2,(anonymous_1)
FNDA:0,(anonymous_2)
DA:2,4
DA:4,4
DA:5,4
DA:8,4
DA:9,1
DA:12,3
DA:14,2
DA:15,1
DA:18,1
DA:20,1
DA:21,2
DA:22,2
DA:23,2
DA:24,2
DA:25,2
DA:27,2
DA:28,2
DA:30,2
DA:31,2
DA:32,2
DA:33,2
DA:34,2
DA:35,2
DA:36,2
DA:37,2
DA:38,2
DA:39,2
DA:41,2
DA:42,2
DA:43,2
DA:45,2
DA:46,0
DA:48,0
DA:51,2
DA:52,2
DA:53,2
DA:54,2
DA:55,2
DA:56,2
DA:58,2
DA:59,2
DA:62,3
DA:65,1
DA:68,1
LF:44
LH:42
BRDA:8,0,0,1
BRDA:8,0,1,3
BRDA:14,1,0,1
BRDA:14,1,1,1
BRF:4
BRH:4
end_of_record
TN:
SF:script.js
FN:7,signinPage
FN:11,loginPage
FN:15,homepage
FN:31,handleCredentialResponse
FN:49,setApplicant
FN:52,setFunder
FN:56,register
FN:79,decodeJwtResponse
FN:87,advertAreaShow
FNF:9
FNH:2
FNDA:0,signinPage
FNDA:0,loginPage
FNDA:6,homepage
FNDA:0,handleCredentialResponse
FNDA:0,setApplicant
FNDA:0,setFunder
FNDA:3,register
FNDA:0,decodeJwtResponse
FNDA:0,advertAreaShow
DA:1,2
DA:2,2
DA:3,2
DA:4,2
DA:8,0
DA:9,0
DA:12,0
DA:13,0
DA:16,6
DA:17,6
DA:18,6
DA:20,6
DA:21,6
DA:25,6
DA:27,6
DA:29,6
DA:34,0
DA:37,0
DA:43,0
DA:44,0
DA:45,0
DA:50,0
DA:53,0
DA:57,3
DA:58,3
DA:62,3
DA:68,3
DA:69,3
DA:70,3
DA:71,2
DA:72,1
DA:73,1
DA:75,1
DA:81,0
DA:82,0
DA:83,0
DA:89,0
DA:90,0
DA:93,2
LF:39
LH:23
BRDA:25,0,0,3
BRDA:25,0,1,3
BRDA:27,1,0,1
BRDA:27,1,1,5
BRDA:29,2,0,1
BRDA:29,2,1,5
BRDA:70,3,0,1
BRDA:70,3,1,2
BRDA:71,4,0,1
BRDA:71,4,1,1
BRF:10
BRH:10
end_of_record
